C51 COMPILER V9.60.0.0   MAIN                                                              03/15/2021 19:00:36 PAGE 1   


C51 COMPILER V9.60.0.0, COMPILATION OF MODULE MAIN
OBJECT MODULE PLACED IN .\Objects\main.obj
COMPILER INVOKED BY: C:\Keil_v5\C51\BIN\C51.EXE main.c OPTIMIZE(8,SPEED) BROWSE DEBUG OBJECTEXTEND PRINT(.\Listings\main
                    -.lst) TABS(2) OBJECT(.\Objects\main.obj)

line level    source

   1          #include<reg52.h>
   2          //#define led P0
   3          int led1 = P1^0;
*** ERROR C247 IN LINE 3 OF main.c: non-address/-constant initializer
   4          int led2 = P1^1;
*** ERROR C247 IN LINE 4 OF main.c: non-address/-constant initializer
   5          int led3 = P1^2;
*** ERROR C247 IN LINE 5 OF main.c: non-address/-constant initializer
   6          int led4 = P1^3;
*** ERROR C247 IN LINE 6 OF main.c: non-address/-constant initializer
   7          int led5 = P1^4;
*** ERROR C247 IN LINE 7 OF main.c: non-address/-constant initializer
   8          int led6 = P1^5;
*** ERROR C247 IN LINE 8 OF main.c: non-address/-constant initializer
   9          int led7 = P1^6;
*** ERROR C247 IN LINE 9 OF main.c: non-address/-constant initializer
  10          int led8 = P1^7;
*** ERROR C247 IN LINE 10 OF main.c: non-address/-constant initializer
  11          
  12          void main()
  13          {
  14   1        while(1)
  15   1        {
  16   2          led1 = 0; //light the first LED
  17   2          led2 = 0; 
  18   2          led3 = 0;
  19   2          led4 = 0;
  20   2          led5 = 0;
  21   2          led6 = 0;
  22   2          led7 = 0;
  23   2          led8 = 0;
  24   2          
  25   2        }
  26   1      }

C51 COMPILATION COMPLETE.  0 WARNING(S),  8 ERROR(S)
